21:20:02 **** Incremental Build of configuration Debug for project Arduino_ADK_USB_HOST ****
make all 
Building file: ../USB_Implementation/USB_Functions.cpp
Invoking: AVR C++ Compiler
avr-g++ -I"/Users/francispapineau/Documents/4th year project/Source Code/Black-Box-Mouse-Interface/Arduino ADK USB Host/arduino/variants/mega" -I"/Users/francispapineau/Documents/4th year project/Source Code/Black-Box-Mouse-Interface/Arduino ADK USB Host/libraries" -I"/Users/francispapineau/Documents/4th year project/Source Code/Black-Box-Mouse-Interface/Arduino ADK USB Host/arduino/cores/arduino" -Wall -g2 -gstabs -Os -fpack-struct -fshort-enums -funsigned-char -funsigned-bitfields -fno-exceptions -mmcu=atmega16 -DF_CPU=1000000UL -MMD -MP -MF"USB_Implementation/USB_Functions.d" -MT"USB_Implementation/USB_Functions.d" -c -o "USB_Implementation/USB_Functions.o" "../USB_Implementation/USB_Functions.cpp"
../USB_Implementation/USB_Functions.cpp:9:41: fatal error: System_Defines/Main_Defines.h: No such file or directory
compilation terminated.
make: *** [USB_Implementation/USB_Functions.o] Error 1

21:20:03 Build Finished (took 311ms)

