19:31:09 **** Incremental Build of configuration Debug for project OpenChronos Platform ****
make all 
Building file: ../OpenChronos-master/simpliciti/Components/nwk_applications/nwk_freq.c
Invoking: MSP430 C Compiler
msp430-gcc -I"/Users/francispapineau/Documents/4th year project/Source Code/Black-Box-Mouse-Interface/Original Code/OpenChronos-master/gcc" -I"/Users/francispapineau/Documents/4th year project/Source Code/Black-Box-Mouse-Interface/Original Code/OpenChronos-master/include" -I"/Users/francispapineau/Documents/4th year project/msp430-toolchain-mac_os_x-x86_64-2.2/msp430/include" -O0 -g -Wall -std=gnu89 -c -o "OpenChronos-master/simpliciti/Components/nwk_applications/nwk_freq.o" "../OpenChronos-master/simpliciti/Components/nwk_applications/nwk_freq.c"
msp430-gcc: error trying to exec 'cc1': execvp: No such file or directory
make: *** [OpenChronos-master/simpliciti/Components/nwk_applications/nwk_freq.o] Error 1
19:31:19 **** Clean-only build of configuration Debug for project OpenChronos Platform ****
make clean 
rm -rf  ./OpenChronos-master/simpliciti/Components/nwk_applications/nwk_freq.o ./OpenChronos-master/simpliciti/Components/nwk_applications/nwk_ioctl.o ./OpenChronos-master/simpliciti/Components/nwk_applications/nwk_join.o ./OpenChronos-master/simpliciti/Components/nwk_applications/nwk_link.o ./OpenChronos-master/simpliciti/Components/nwk_applications/nwk_mgmt.o ./OpenChronos-master/simpliciti/Components/nwk_applications/nwk_ping.o ./OpenChronos-master/simpliciti/Components/nwk_applications/nwk_security.o  ./OpenChronos-master/simpliciti/Components/nwk/nwk.o ./OpenChronos-master/simpliciti/Components/nwk/nwk_QMgmt.o ./OpenChronos-master/simpliciti/Components/nwk/nwk_api.o ./OpenChronos-master/simpliciti/Components/nwk/nwk_frame.o ./OpenChronos-master/simpliciti/Components/nwk/nwk_globals.o  ./OpenChronos-master/simpliciti/Components/mrfi/radios/family5/mrfi_radio.o ./OpenChronos-master/simpliciti/Components/mrfi/radios/family5/mrfi_radio_interface.o  ./OpenChronos-master/simpliciti/Components/mrfi/mrfi.o  ./OpenChronos-master/simpliciti/Components/bsp/drivers/code/bsp_buttons.o ./OpenChronos-master/simpliciti/Components/bsp/drivers/code/bsp_leds.o  ./OpenChronos-master/simpliciti/Components/bsp/boards/CC430EM/bsp_board.o ./OpenChronos-master/simpliciti/Components/bsp/boards/CC430EM/bsp_drivers.o  ./OpenChronos-master/simpliciti/Components/bsp/bsp.o  ./OpenChronos-master/simpliciti/Applications/application/End_Device/main_ED_BM.o  ./OpenChronos-master/logic/MYsimpliciti.o ./OpenChronos-master/logic/acceleration.o ./OpenChronos-master/logic/alarm.o ./OpenChronos-master/logic/altitude.o ./OpenChronos-master/logic/battery.o ./OpenChronos-master/logic/bluerobin.o ./OpenChronos-master/logic/clock.o ./OpenChronos-master/logic/date.o ./OpenChronos-master/logic/dst.o ./OpenChronos-master/logic/eggtimer.o ./OpenChronos-master/logic/gps.o ./OpenChronos-master/logic/menu.o ./OpenChronos-master/logic/phase_clock.o ./OpenChronos-master/logic/prout.o ./OpenChronos-master/logic/rfbsl.o ./OpenChronos-master/logic/rfsimpliciti.o ./OpenChronos-master/logic/sequence.o ./OpenChronos-master/logic/sidereal.o ./OpenChronos-master/logic/stopwatch.o ./OpenChronos-master/logic/strength.o ./OpenChronos-master/logic/temperature.o ./OpenChronos-master/logic/test.o ./OpenChronos-master/logic/user.o ./OpenChronos-master/logic/vario.o  ./OpenChronos-master/gcc/intrinsics.o  ./OpenChronos-master/driver/adc12.o ./OpenChronos-master/driver/buzzer.o ./OpenChronos-master/driver/display.o ./OpenChronos-master/driver/display1.o ./OpenChronos-master/driver/dsp.o ./OpenChronos-master/driver/infomem.o ./OpenChronos-master/driver/pmm.o ./OpenChronos-master/driver/ports.o ./OpenChronos-master/driver/radio.o ./OpenChronos-master/driver/rf1a.o ./OpenChronos-master/driver/timer.o ./OpenChronos-master/driver/vti_as.o ./OpenChronos-master/driver/vti_ps.o  ./OpenChronos-master/ezchronos.o  libUSER_OBJS.a  "OpenChronos Platform.elf"
 
19:31:19 **** Clean-only build of configuration Debug for project Sensor Hub - Demo ****
make clean 
rm -rf  ./logic/acceleration.o ./logic/agility.o ./logic/alarm.o ./logic/altitude.o ./logic/battery.o ./logic/bluerobin.o ./logic/clock.o ./logic/countdowntimer.o ./logic/date.o ./logic/display2.o ./logic/menu.o ./logic/miscellaneous.o ./logic/random.o ./logic/rfbsl.o ./logic/rfsimpliciti.o ./logic/stopwatch.o ./logic/stubs.o ./logic/temperature.o ./logic/test.o ./logic/user.o  ./driver/adc12.o ./driver/buzzer.o ./driver/display.o ./driver/display1.o ./driver/pmm.o ./driver/ports.o ./driver/radio.o ./driver/rf1a.o ./driver/timer.o ./driver/vti_as.o ./driver/vti_ps.o  ./Main\ -\ Demo/main.o  libUSER_OBJS.a  "Sensor Hub - Demo.elf"
 

**** Build of configuration 868MHz - Unrestricted CCS Platinum for project ez430_chronos ****

Nothing to build for project ez430_chronos

**** Build of configuration 868MHz - Unrestricted CCS Platinum for project ez430_chronos ****

Nothing to build for project ez430_chronos
18:42:57 **** Clean-only build of configuration 433MHz - Limited CCS Core Edition for project ez430_chronos_datalogger ****
make clean 
rm -rf  "ez430_chronos_datalogger_433MHz.out"
rm -rf "main.pp" "logic/acceleration.pp" "logic/altitude.pp" "logic/battery.pp" "logic/bluerobin.pp" "logic/clock.pp" "logic/datalog.pp" "logic/date.pp" "logic/menu.pp" "logic/rfbsl.pp" "logic/rfsimpliciti.pp" "logic/temperature.pp" "logic/user.pp" "driver/ports.pp" "driver/radio.pp" "driver/rf1a.pp" 
rm -rf "main.obj" "logic/acceleration.obj" "logic/altitude.obj" "logic/battery.obj" "logic/bluerobin.obj" "logic/clock.obj" "logic/datalog.obj" "logic/date.obj" "logic/menu.obj" "logic/rfbsl.obj" "logic/rfsimpliciti.obj" "logic/temperature.obj" "logic/user.obj" "driver/ports.obj" "driver/radio.obj" "driver/rf1a.obj" 
Finished clean
 
18:42:57 **** Build of configuration 433MHz - Limited CCS Core Edition for project ez430_chronos_datalogger ****
make all 
Building target: ez430_chronos_datalogger_433MHz.out
Invoking: MSP430 Linker
80 80 "ez430_chronos_datalogger_433MHz.out" "ez430_chronos_datalogger_433MHz.map" "/msp430/include" "/lib" "/include" "/msp430/include"  "ez430_chronos_datalogger_433MHz.out"
/bin/sh: 80: command not found
make: *** [ez430_chronos_datalogger_433MHz.out] Error 127
