01:07:57 **** Incremental Build of configuration Release for project Arduino_HID_Joystick ****
make all 
Building file: ../USB_Device_Implementation/USB_State_Machine.cpp
Invoking: AVR C++ Compiler
avr-g++ -I"/Applications/Development/Arduino.app/Contents/Resources/Java/hardware/arduino/cores/arduino" -I"/Applications/Development/Arduino.app/Contents/Resources/Java/hardware/arduino/variants/mega" -I"/Volumes/DataHDD/Documents/4th Year Project/Black-Box-Mouse-Interface/Arduino ADK USB Host/Arduino_ADK_USB_HOST/Arduino_HID_Joystick" -D__IN_ECLIPSE__=1 -DUSB_VID= -DUSB_PID= -DARDUINO=100 -Wall -Os -ffunction-sections -fdata-sections -fno-exceptions -g -mmcu=atmega2560 -DF_CPU=16000000UL -MMD -MP -MF"USB_Device_Implementation/USB_State_Machine.d" -MT"USB_Device_Implementation/USB_State_Machine.d"  -c -o "USB_Device_Implementation/USB_State_Machine.o" -x c++ "../USB_Device_Implementation/USB_State_Machine.cpp"
In file included from ../System_Defines/Command_Interpreter.h:16,
Finished building: ../USB_Device_Implementation/USB_State_Machine.cpp
                 from ../System_Defines/Command_Interpreter.cpp:8:
 
Building file: ../System_Defines/Command_Interpreter.cpp
../System_Defines/../System_Defines/Main_Defines.h:66: error: 'COMMAND_INTERPRETER' does not name a type
Invoking: AVR C++ Compiler
avr-g++ -I"/Applications/Development/Arduino.app/Contents/Resources/Java/hardware/arduino/cores/arduino" -I"/Applications/Development/Arduino.app/Contents/Resources/Java/hardware/arduino/variants/mega" -I"/Volumes/DataHDD/Documents/4th Year Project/Black-Box-Mouse-Interface/Arduino ADK USB Host/Arduino_ADK_USB_HOST/Arduino_HID_Joystick" -D__IN_ECLIPSE__=1 -DUSB_VID= -DUSB_PID= -DARDUINO=100 -Wall -Os -ffunction-sections -fdata-sections -fno-exceptions -g -mmcu=atmega2560 -DF_CPU=16000000UL -MMD -MP -MF"System_Defines/Command_Interpreter.d" -MT"System_Defines/Command_Interpreter.d"  -c -o "System_Defines/Command_Interpreter.o" -x c++ "../System_Defines/Command_Interpreter.cpp"
make: *** [System_Defines/Command_Interpreter.o] Error 1

01:07:57 Build Finished (took 340ms)

